                                      1 ;--------------------------------------------------------
                                      2 ; File Created by SDCC : free open source ISO C Compiler
                                      3 ; Version 4.5.0 #15242 (Mac OS X x86_64)
                                      4 ;--------------------------------------------------------
                                      5 	.module stm8l15x_rst
                                      6 	
                                      7 ;--------------------------------------------------------
                                      8 ; Public variables in this module
                                      9 ;--------------------------------------------------------
                                     10 	.globl _RST_GetFlagStatus
                                     11 	.globl _RST_ClearFlag
                                     12 	.globl _RST_GPOutputEnable
                                     13 ;--------------------------------------------------------
                                     14 ; ram data
                                     15 ;--------------------------------------------------------
                                     16 	.area DATA
                                     17 ;--------------------------------------------------------
                                     18 ; ram data
                                     19 ;--------------------------------------------------------
                                     20 	.area INITIALIZED
                                     21 ;--------------------------------------------------------
                                     22 ; absolute external ram data
                                     23 ;--------------------------------------------------------
                                     24 	.area DABS (ABS)
                                     25 
                                     26 ; default segment ordering for linker
                                     27 	.area HOME
                                     28 	.area GSINIT
                                     29 	.area GSFINAL
                                     30 	.area CONST
                                     31 	.area INITIALIZER
                                     32 	.area CODE
                                     33 
                                     34 ;--------------------------------------------------------
                                     35 ; global & static initialisations
                                     36 ;--------------------------------------------------------
                                     37 	.area HOME
                                     38 	.area GSINIT
                                     39 	.area GSFINAL
                                     40 	.area GSINIT
                                     41 ;--------------------------------------------------------
                                     42 ; Home
                                     43 ;--------------------------------------------------------
                                     44 	.area HOME
                                     45 	.area HOME
                                     46 ;--------------------------------------------------------
                                     47 ; code
                                     48 ;--------------------------------------------------------
                                     49 	.area CODE
                                     50 ;	STM8L15x_StdPeriph_Driver/src/stm8l15x_rst.c: 99: FlagStatus RST_GetFlagStatus(RST_FLAG_TypeDef RST_Flag)
                                     51 ; genLabel
                                     52 ;	-----------------------------------------
                                     53 ;	 function RST_GetFlagStatus
                                     54 ;	-----------------------------------------
                                     55 ;	Register assignment is optimal.
                                     56 ;	Stack space usage: 1 bytes.
      000000                         57 _RST_GetFlagStatus:
      000000 88               [ 1]   58 	push	a
                                     59 ; genReceive
      000001 6B 01            [ 1]   60 	ld	(0x01, sp), a
                                     61 ;	STM8L15x_StdPeriph_Driver/src/stm8l15x_rst.c: 105: return((FlagStatus)(((uint8_t)(RST->SR & RST_Flag) == (uint8_t)0x00) ? RESET : SET));
                                     62 ; genPointerGet
      000003 C6 50 B1         [ 1]   63 	ld	a, 0x50b1
                                     64 ; genAnd
      000006 14 01            [ 1]   65 	and	a, (0x01, sp)
                                     66 ; genNot
      000008 A0 01            [ 1]   67 	sub	a, #0x01
      00000A 4F               [ 1]   68 	clr	a
                                     69 ; genNot
      00000B 8C               [ 1]   70 	ccf
                                     71 ; peephole 20a replaced xor by ccf-
      00000C 49               [ 1]   72 	rlc	a
                                     73 ; genReturn
                                     74 ; genLabel
                                     75 ; peephole j30 removed unused label 00101$.
                                     76 ;	STM8L15x_StdPeriph_Driver/src/stm8l15x_rst.c: 106: }
                                     77 ; genEndFunction
      00000D 5B 01            [ 2]   78 	addw	sp, #1
      00000F 81               [ 4]   79 	ret
                                     80 ;	Total RST_GetFlagStatus function size at codegen: 3 bytes.
                                     81 ;	STM8L15x_StdPeriph_Driver/src/stm8l15x_rst.c: 120: void RST_ClearFlag(RST_FLAG_TypeDef RST_Flag)
                                     82 ; genLabel
                                     83 ;	-----------------------------------------
                                     84 ;	 function RST_ClearFlag
                                     85 ;	-----------------------------------------
                                     86 ;	Register assignment is optimal.
                                     87 ;	Stack space usage: 0 bytes.
      000010                         88 _RST_ClearFlag:
                                     89 ; genReceive
                                     90 ;	STM8L15x_StdPeriph_Driver/src/stm8l15x_rst.c: 125: RST->SR = (uint8_t)RST_Flag;
                                     91 ; genPointerSet
      000010 C7 50 B1         [ 1]   92 	ld	0x50b1, a
                                     93 ; genLabel
                                     94 ; peephole j30 removed unused label 00101$.
                                     95 ;	STM8L15x_StdPeriph_Driver/src/stm8l15x_rst.c: 126: }
                                     96 ; genEndFunction
      000013 81               [ 4]   97 	ret
                                     98 ;	Total RST_ClearFlag function size at codegen: 1 bytes.
                                     99 ;	STM8L15x_StdPeriph_Driver/src/stm8l15x_rst.c: 149: void RST_GPOutputEnable(void)
                                    100 ; genLabel
                                    101 ;	-----------------------------------------
                                    102 ;	 function RST_GPOutputEnable
                                    103 ;	-----------------------------------------
                                    104 ;	Register assignment is optimal.
                                    105 ;	Stack space usage: 0 bytes.
      000014                        106 _RST_GPOutputEnable:
                                    107 ;	STM8L15x_StdPeriph_Driver/src/stm8l15x_rst.c: 152: RST->CR = RST_CR_MASK;
                                    108 ; genPointerSet
      000014 35 D0 50 B0      [ 1]  109 	mov	0x50b0+0, #0xd0
                                    110 ; genLabel
                                    111 ; peephole j30 removed unused label 00101$.
                                    112 ;	STM8L15x_StdPeriph_Driver/src/stm8l15x_rst.c: 153: }
                                    113 ; genEndFunction
      000018 81               [ 4]  114 	ret
                                    115 ;	Total RST_GPOutputEnable function size at codegen: 1 bytes.
                                    116 	.area CODE
                                    117 	.area CONST
                                    118 	.area INITIALIZER
                                    119 	.area CABS (ABS)
